{"level":"info","message":"HELLO rom logger","service":"acquisitions-api"}
{"level":"info","message":"::1 - - [03/Jan/2026:05:39:45 +0000] \"GET /api HTTP/1.1\" 200 19 \"-\" \"Mozilla/5.0 (Windows NT 10.0; Win64; x64) AppleWebKit/537.36 (KHTML, like Gecko) Chrome/143.0.0.0 Safari/537.36\"","service":"acquisitions-api"}
{"level":"info","message":"::1 - - [03/Jan/2026:05:39:45 +0000] \"GET /favicon.ico HTTP/1.1\" 404 150 \"-\" \"Mozilla/5.0 (Windows NT 10.0; Win64; x64) AppleWebKit/537.36 (KHTML, like Gecko) Chrome/143.0.0.0 Safari/537.36\"","service":"acquisitions-api"}
{"level":"info","message":"::1 - - [03/Jan/2026:05:41:21 +0000] \"GET /api HTTP/1.1\" 200 19 \"-\" \"PostmanRuntime/7.49.1\"","service":"acquisitions-api"}
{"level":"info","message":"User Registered successfully :r@gmial.com","service":"acquisitions-api"}
{"level":"error","message":"Error cxreating useur","service":"acquisitions-api"}
{"level":"error","message":"Error cxreating useur","service":"acquisitions-api"}
{"level":"error","message":"Error cxreating useur","service":"acquisitions-api"}
{"level":"error","message":"Error cxreating useur","service":"acquisitions-api"}
{"level":"error","message":"Error cxreating useur","service":"acquisitions-api"}
{"level":"info","message":"User r@gmial.com created Succesfully","service":"acquisitions-api"}
{"level":"error","message":"Error cxreating useur","service":"acquisitions-api"}
{"level":"error","message":"Error cxreating useur","service":"acquisitions-api"}
{"level":"error","message":"Signup error Cannot read properties of undefined (reading 'id')","service":"acquisitions-api","stack":"TypeError: Cannot read properties of undefined (reading 'id')\n    at signup (file:///C:/Users/Delll/Desktop/aq/acquitions/src/controllers/auth.controller.js:61:16)\n    at process.processTicksAndRejections (node:internal/process/task_queues:105:5)"}
{"level":"error","message":"Error cxreating useur","service":"acquisitions-api"}
{"level":"error","message":"Signup error Cannot read properties of undefined (reading 'id')","service":"acquisitions-api","stack":"TypeError: Cannot read properties of undefined (reading 'id')\n    at signup (file:///C:/Users/Delll/Desktop/aq/acquitions/src/controllers/auth.controller.js:61:16)\n    at process.processTicksAndRejections (node:internal/process/task_queues:105:5)"}
{"level":"info","message":"User uh@gmial.com created Succesfully","service":"acquisitions-api"}
{"level":"error","message":"Error cxreating useur","service":"acquisitions-api"}
{"level":"error","message":"Signup error Cannot read properties of undefined (reading 'id')","service":"acquisitions-api","stack":"TypeError: Cannot read properties of undefined (reading 'id')\n    at signup (file:///C:/Users/Delll/Desktop/aq/acquitions/src/controllers/auth.controller.js:61:16)\n    at process.processTicksAndRejections (node:internal/process/task_queues:105:5)"}
{"level":"error","message":"Error creating user User already exists","service":"acquisitions-api","stack":"Error: User already exists\n    at createUser (file:///C:/Users/Delll/Desktop/aq/acquitions/src/services/auth.service.js:59:13)\n    at process.processTicksAndRejections (node:internal/process/task_queues:105:5)\n    at async signup (file:///C:/Users/Delll/Desktop/aq/acquitions/src/controllers/auth.controller.js:57:18)"}
{"level":"error","message":"Signup error User already exists","service":"acquisitions-api","stack":"Error: User already exists\n    at createUser (file:///C:/Users/Delll/Desktop/aq/acquitions/src/services/auth.service.js:59:13)\n    at process.processTicksAndRejections (node:internal/process/task_queues:105:5)\n    at async signup (file:///C:/Users/Delll/Desktop/aq/acquitions/src/controllers/auth.controller.js:57:18)"}
{"level":"info","message":"User uj@gmial.com created successfully","service":"acquisitions-api"}
{"level":"error","message":"Signup error value is not defined","service":"acquisitions-api","stack":"ReferenceError: value is not defined\n    at Object.set (file:///C:/Users/Delll/Desktop/aq/acquitions/src/utils/cookies.js:9:21)\n    at signup (file:///C:/Users/Delll/Desktop/aq/acquitions/src/controllers/auth.controller.js:67:13)\n    at process.processTicksAndRejections (node:internal/process/task_queues:105:5)"}
{"level":"info","message":"User huvbug@gmial.com created successfully","service":"acquisitions-api"}
{"level":"error","message":"Signup error value is not defined","service":"acquisitions-api","stack":"ReferenceError: value is not defined\n    at Object.set (file:///C:/Users/Delll/Desktop/aq/acquitions/src/utils/cookies.js:9:21)\n    at signup (file:///C:/Users/Delll/Desktop/aq/acquitions/src/controllers/auth.controller.js:67:13)\n    at process.processTicksAndRejections (node:internal/process/task_queues:105:5)"}
{"level":"error","message":"Error cxreating useur","service":"acquisitions-api"}
{"level":"error","message":"Signup error snjs","service":"acquisitions-api","stack":"Error: snjs\n    at createUser (file:///C:/Users/Delll/Desktop/aq/acquitions/src/services/auth.service.js:31:11)\n    at process.processTicksAndRejections (node:internal/process/task_queues:105:5)\n    at async signup (file:///C:/Users/Delll/Desktop/aq/acquitions/src/controllers/auth.controller.js:57:18)"}
{"level":"error","message":"Error cxreating useur","service":"acquisitions-api"}
{"level":"error","message":"Error cxreating useur","service":"acquisitions-api"}
{"level":"error","message":"Error cxreating useur","service":"acquisitions-api"}
{"level":"error","message":"Error cxreating useur","service":"acquisitions-api"}
{"level":"info","message":"User iuvbug@gmial.com created Succesfully","service":"acquisitions-api"}
{"level":"info","message":"User Registered successfully :iuvbug@gmial.com","service":"acquisitions-api"}
{"level":"info","message":"User iuovbug@gmial.com created Succesfully","service":"acquisitions-api"}
{"level":"info","message":"User Registered successfully :iuovbug@gmial.com","service":"acquisitions-api"}
{"level":"info","message":"User iuovbug@gmial.com authenticated successfully","service":"acquisitions-api"}
{"level":"info","message":"User signed in successfully :iuovbug@gmial.com","service":"acquisitions-api"}
