{"level":"error","message":"Error cxreating useur","service":"acquisitions-api"}
{"level":"error","message":"Error cxreating useur","service":"acquisitions-api"}
{"level":"error","message":"Error cxreating useur","service":"acquisitions-api"}
{"level":"error","message":"Error cxreating useur","service":"acquisitions-api"}
{"level":"error","message":"Error cxreating useur","service":"acquisitions-api"}
{"level":"error","message":"Error cxreating useur","service":"acquisitions-api"}
{"level":"error","message":"Error cxreating useur","service":"acquisitions-api"}
{"level":"error","message":"Signup error Cannot read properties of undefined (reading 'id')","service":"acquisitions-api","stack":"TypeError: Cannot read properties of undefined (reading 'id')\n    at signup (file:///C:/Users/Delll/Desktop/aq/acquitions/src/controllers/auth.controller.js:61:16)\n    at process.processTicksAndRejections (node:internal/process/task_queues:105:5)"}
{"level":"error","message":"Error cxreating useur","service":"acquisitions-api"}
{"level":"error","message":"Signup error Cannot read properties of undefined (reading 'id')","service":"acquisitions-api","stack":"TypeError: Cannot read properties of undefined (reading 'id')\n    at signup (file:///C:/Users/Delll/Desktop/aq/acquitions/src/controllers/auth.controller.js:61:16)\n    at process.processTicksAndRejections (node:internal/process/task_queues:105:5)"}
{"level":"error","message":"Error cxreating useur","service":"acquisitions-api"}
{"level":"error","message":"Signup error Cannot read properties of undefined (reading 'id')","service":"acquisitions-api","stack":"TypeError: Cannot read properties of undefined (reading 'id')\n    at signup (file:///C:/Users/Delll/Desktop/aq/acquitions/src/controllers/auth.controller.js:61:16)\n    at process.processTicksAndRejections (node:internal/process/task_queues:105:5)"}
{"level":"error","message":"Error creating user User already exists","service":"acquisitions-api","stack":"Error: User already exists\n    at createUser (file:///C:/Users/Delll/Desktop/aq/acquitions/src/services/auth.service.js:59:13)\n    at process.processTicksAndRejections (node:internal/process/task_queues:105:5)\n    at async signup (file:///C:/Users/Delll/Desktop/aq/acquitions/src/controllers/auth.controller.js:57:18)"}
{"level":"error","message":"Signup error User already exists","service":"acquisitions-api","stack":"Error: User already exists\n    at createUser (file:///C:/Users/Delll/Desktop/aq/acquitions/src/services/auth.service.js:59:13)\n    at process.processTicksAndRejections (node:internal/process/task_queues:105:5)\n    at async signup (file:///C:/Users/Delll/Desktop/aq/acquitions/src/controllers/auth.controller.js:57:18)"}
{"level":"error","message":"Signup error value is not defined","service":"acquisitions-api","stack":"ReferenceError: value is not defined\n    at Object.set (file:///C:/Users/Delll/Desktop/aq/acquitions/src/utils/cookies.js:9:21)\n    at signup (file:///C:/Users/Delll/Desktop/aq/acquitions/src/controllers/auth.controller.js:67:13)\n    at process.processTicksAndRejections (node:internal/process/task_queues:105:5)"}
{"level":"error","message":"Signup error value is not defined","service":"acquisitions-api","stack":"ReferenceError: value is not defined\n    at Object.set (file:///C:/Users/Delll/Desktop/aq/acquitions/src/utils/cookies.js:9:21)\n    at signup (file:///C:/Users/Delll/Desktop/aq/acquitions/src/controllers/auth.controller.js:67:13)\n    at process.processTicksAndRejections (node:internal/process/task_queues:105:5)"}
{"level":"error","message":"Error cxreating useur","service":"acquisitions-api"}
{"level":"error","message":"Signup error snjs","service":"acquisitions-api","stack":"Error: snjs\n    at createUser (file:///C:/Users/Delll/Desktop/aq/acquitions/src/services/auth.service.js:31:11)\n    at process.processTicksAndRejections (node:internal/process/task_queues:105:5)\n    at async signup (file:///C:/Users/Delll/Desktop/aq/acquitions/src/controllers/auth.controller.js:57:18)"}
{"level":"error","message":"Error cxreating useur","service":"acquisitions-api"}
{"level":"error","message":"Error cxreating useur","service":"acquisitions-api"}
{"level":"error","message":"Error cxreating useur","service":"acquisitions-api"}
{"level":"error","message":"Error cxreating useur","service":"acquisitions-api"}
